Flow report for Kursa_Darbs
Thu Jan 28 10:00:07 2021
Quartus Prime Version 18.1.0 Build 625 09/12/2018 SJ Lite Edition


---------------------
; Table of Contents ;
---------------------
  1. Legal Notice
  2. Flow Summary
  3. Flow Settings
  4. Flow Non-Default Global Settings
  5. Flow Elapsed Time
  6. Flow OS Summary
  7. Flow Log
  8. Flow Messages
  9. Flow Suppressed Messages



----------------
; Legal Notice ;
----------------
Copyright (C) 2018  Intel Corporation. All rights reserved.
Your use of Intel Corporation's design tools, logic functions 
and other software and tools, and its AMPP partner logic 
functions, and any output files from any of the foregoing 
(including device programming or simulation files), and any 
associated documentation or information are expressly subject 
to the terms and conditions of the Intel Program License 
Subscription Agreement, the Intel Quartus Prime License Agreement,
the Intel FPGA IP License Agreement, or other applicable license
agreement, including, without limitation, that your use is for
the sole purpose of programming logic devices manufactured by
Intel and sold by Intel or its authorized distributors.  Please
refer to the applicable agreement for further details.



+-------------------------------------------------------------------------------+
; Flow Summary                                                                  ;
+---------------------------------+---------------------------------------------+
; Flow Status                     ; Successful - Thu Jan 28 09:58:47 2021       ;
; Quartus Prime Version           ; 18.1.0 Build 625 09/12/2018 SJ Lite Edition ;
; Revision Name                   ; Kursa_Darbs                                 ;
; Top-level Entity Name           ; TOP                                         ;
; Family                          ; Cyclone V                                   ;
; Device                          ; 5CGXFC5C6F27C7                              ;
; Timing Models                   ; Final                                       ;
; Logic utilization (in ALMs)     ; 6,306 / 29,080 ( 22 % )                     ;
; Total registers                 ; 9225                                        ;
; Total pins                      ; 125 / 364 ( 34 % )                          ;
; Total virtual pins              ; 0                                           ;
; Total block memory bits         ; 2,982,176 / 4,567,040 ( 65 % )              ;
; Total DSP Blocks                ; 8 / 150 ( 5 % )                             ;
; Total HSSI RX PCSs              ; 0 / 6 ( 0 % )                               ;
; Total HSSI PMA RX Deserializers ; 0 / 6 ( 0 % )                               ;
; Total HSSI TX PCSs              ; 0 / 6 ( 0 % )                               ;
; Total HSSI PMA TX Serializers   ; 0 / 6 ( 0 % )                               ;
; Total PLLs                      ; 1 / 12 ( 8 % )                              ;
; Total DLLs                      ; 1 / 4 ( 25 % )                              ;
+---------------------------------+---------------------------------------------+


+-----------------------------------------+
; Flow Settings                           ;
+-------------------+---------------------+
; Option            ; Setting             ;
+-------------------+---------------------+
; Start date & time ; 01/28/2021 09:50:12 ;
; Main task         ; Compilation         ;
; Revision Name     ; Kursa_Darbs         ;
+-------------------+---------------------+


+-------------------------------------------------------------------------------------------------------------------------------------------------------------------------------+
; Flow Non-Default Global Settings                                                                                                                                              ;
+-------------------------------------+-------------------------------------------------------------------+--------------------------------------+-----------------+------------+
; Assignment Name                     ; Value                                                             ; Default Value                        ; Entity Name     ; Section Id ;
+-------------------------------------+-------------------------------------------------------------------+--------------------------------------+-----------------+------------+
; COMPILER_SIGNATURE_ID               ; 5025750868503.161182020804388                                     ; --                                   ; --              ; --         ;
; MAX_CORE_JUNCTION_TEMP              ; 85                                                                ; --                                   ; --              ; --         ;
; MIN_CORE_JUNCTION_TEMP              ; 0                                                                 ; --                                   ; --              ; --         ;
; MISC_FILE                           ; nios2_system_v0/synthesis/../nios2_system_v0.cmp                  ; --                                   ; --              ; --         ;
; MISC_FILE                           ; nios2_system_v0/synthesis/../../nios2_system_v0.qsys              ; --                                   ; --              ; --         ;
; MISC_FILE                           ; nios2_system_v0/synthesis/submodules/alt_mem_ddrx_define.iv       ; --                                   ; --              ; --         ;
; MISC_FILE                           ; RAM_0.cmp                                                         ; --                                   ; --              ; --         ;
; MISC_FILE                           ; Multi.cmp                                                         ; --                                   ; --              ; --         ;
; PARTITION_COLOR                     ; -- (Not supported for targeted family)                            ; --                                   ; TOP             ; Top        ;
; PARTITION_FITTER_PRESERVATION_LEVEL ; -- (Not supported for targeted family)                            ; --                                   ; TOP             ; Top        ;
; PARTITION_NETLIST_TYPE              ; -- (Not supported for targeted family)                            ; --                                   ; TOP             ; Top        ;
; POWER_BOARD_THERMAL_MODEL           ; None (CONSERVATIVE)                                               ; --                                   ; --              ; --         ;
; POWER_PRESET_COOLING_SOLUTION       ; 23 MM HEAT SINK WITH 200 LFPM AIRFLOW                             ; --                                   ; --              ; --         ;
; PROJECT_IP_REGENERATION_POLICY      ; ALWAYS_REGENERATE_IP                                              ; SKIP_REGENERATING_IP_IF_HDL_MODIFIED ; --              ; --         ;
; PROJECT_OUTPUT_DIRECTORY            ; output_files                                                      ; --                                   ; --              ; --         ;
; SLD_FILE                            ; nios2_system_v0/synthesis/nios2_system_v0.regmap                  ; --                                   ; --              ; --         ;
; SLD_FILE                            ; nios2_system_v0/synthesis/nios2_system_v0.debuginfo               ; --                                   ; --              ; --         ;
; SLD_INFO                            ; QSYS_NAME nios2_system_v0 HAS_SOPCINFO 1 GENERATION_ID 1610385226 ; --                                   ; nios2_system_v0 ; --         ;
; SOPCINFO_FILE                       ; nios2_system_v0/synthesis/../../nios2_system_v0.sopcinfo          ; --                                   ; --              ; --         ;
; SYNTHESIS_ONLY_QIP                  ; On                                                                ; --                                   ; --              ; --         ;
; TOP_LEVEL_ENTITY                    ; TOP                                                               ; Kursa_Darbs                          ; --              ; --         ;
; VHDL_INPUT_VERSION                  ; VHDL_2008                                                         ; VHDL_1993                            ; --              ; --         ;
; VHDL_SHOW_LMF_MAPPING_MESSAGES      ; Off                                                               ; --                                   ; --              ; --         ;
+-------------------------------------+-------------------------------------------------------------------+--------------------------------------+-----------------+------------+


+--------------------------------------------------------------------------------------------------------------------------+
; Flow Elapsed Time                                                                                                        ;
+----------------------+--------------+-------------------------+---------------------+------------------------------------+
; Module Name          ; Elapsed Time ; Average Processors Used ; Peak Virtual Memory ; Total CPU Time (on all processors) ;
+----------------------+--------------+-------------------------+---------------------+------------------------------------+
; Analysis & Synthesis ; 00:02:47     ; 1.3                     ; 5604 MB             ; 00:03:51                           ;
; Fitter               ; 00:05:03     ; 1.3                     ; 7578 MB             ; 00:12:21                           ;
; Assembler            ; 00:00:21     ; 1.0                     ; 5011 MB             ; 00:00:18                           ;
; Timing Analyzer      ; 00:01:18     ; 1.8                     ; 6325 MB             ; 00:02:07                           ;
; Total                ; 00:09:29     ; --                      ; --                  ; 00:18:37                           ;
+----------------------+--------------+-------------------------+---------------------+------------------------------------+


+------------------------------------------------------------------------------------+
; Flow OS Summary                                                                    ;
+----------------------+------------------+------------+------------+----------------+
; Module Name          ; Machine Hostname ; OS Name    ; OS Version ; Processor type ;
+----------------------+------------------+------------+------------+----------------+
; Analysis & Synthesis ; LAPTOP-4MBDF9IG  ; Windows 10 ; 10.0       ; x86_64         ;
; Fitter               ; LAPTOP-4MBDF9IG  ; Windows 10 ; 10.0       ; x86_64         ;
; Assembler            ; LAPTOP-4MBDF9IG  ; Windows 10 ; 10.0       ; x86_64         ;
; Timing Analyzer      ; LAPTOP-4MBDF9IG  ; Windows 10 ; 10.0       ; x86_64         ;
+----------------------+------------------+------------+------------+----------------+


------------
; Flow Log ;
------------
quartus_map --read_settings_files=on --write_settings_files=off Kursa_Darbs -c Kursa_Darbs
quartus_fit --read_settings_files=off --write_settings_files=off Kursa_Darbs -c Kursa_Darbs
quartus_asm --read_settings_files=off --write_settings_files=off Kursa_Darbs -c Kursa_Darbs
quartus_sta Kursa_Darbs -c Kursa_Darbs



