Flow report for LD_10
Wed Nov 18 10:39:42 2020
Quartus Prime Version 18.1.0 Build 625 09/12/2018 SJ Lite Edition


---------------------
; Table of Contents ;
---------------------
  1. Legal Notice
  2. Flow Summary
  3. Flow Settings
  4. Flow Non-Default Global Settings
  5. Flow Elapsed Time
  6. Flow OS Summary
  7. Flow Log
  8. Flow Messages
  9. Flow Suppressed Messages



----------------
; Legal Notice ;
----------------
Copyright (C) 2018  Intel Corporation. All rights reserved.
Your use of Intel Corporation's design tools, logic functions 
and other software and tools, and its AMPP partner logic 
functions, and any output files from any of the foregoing 
(including device programming or simulation files), and any 
associated documentation or information are expressly subject 
to the terms and conditions of the Intel Program License 
Subscription Agreement, the Intel Quartus Prime License Agreement,
the Intel FPGA IP License Agreement, or other applicable license
agreement, including, without limitation, that your use is for
the sole purpose of programming logic devices manufactured by
Intel and sold by Intel or its authorized distributors.  Please
refer to the applicable agreement for further details.



+-------------------------------------------------------------------------------+
; Flow Summary                                                                  ;
+---------------------------------+---------------------------------------------+
; Flow Status                     ; Successful - Wed Nov 18 10:38:27 2020       ;
; Quartus Prime Version           ; 18.1.0 Build 625 09/12/2018 SJ Lite Edition ;
; Revision Name                   ; LD_10                                       ;
; Top-level Entity Name           ; nios2_system_v0                             ;
; Family                          ; Cyclone V                                   ;
; Device                          ; 5CGXFC5C6F27C7                              ;
; Timing Models                   ; Final                                       ;
; Logic utilization (in ALMs)     ; 6,091 / 29,080 ( 21 % )                     ;
; Total registers                 ; 9409                                        ;
; Total pins                      ; 124 / 364 ( 34 % )                          ;
; Total virtual pins              ; 0                                           ;
; Total block memory bits         ; 532,840 / 4,567,040 ( 12 % )                ;
; Total DSP Blocks                ; 3 / 150 ( 2 % )                             ;
; Total HSSI RX PCSs              ; 0 / 6 ( 0 % )                               ;
; Total HSSI PMA RX Deserializers ; 0 / 6 ( 0 % )                               ;
; Total HSSI TX PCSs              ; 0 / 6 ( 0 % )                               ;
; Total HSSI PMA TX Serializers   ; 0 / 6 ( 0 % )                               ;
; Total PLLs                      ; 2 / 12 ( 17 % )                             ;
; Total DLLs                      ; 1 / 4 ( 25 % )                              ;
+---------------------------------+---------------------------------------------+


+-----------------------------------------+
; Flow Settings                           ;
+-------------------+---------------------+
; Option            ; Setting             ;
+-------------------+---------------------+
; Start date & time ; 11/18/2020 10:31:16 ;
; Main task         ; Compilation         ;
; Revision Name     ; LD_10               ;
+-------------------+---------------------+


+-------------------------------------------------------------------------------------------------------------------------------------------------------------------------------+
; Flow Non-Default Global Settings                                                                                                                                              ;
+-------------------------------------+-------------------------------------------------------------------+--------------------------------------+-----------------+------------+
; Assignment Name                     ; Value                                                             ; Default Value                        ; Entity Name     ; Section Id ;
+-------------------------------------+-------------------------------------------------------------------+--------------------------------------+-----------------+------------+
; COMPILER_SIGNATURE_ID               ; 5025750868503.160568827210888                                     ; --                                   ; --              ; --         ;
; MAX_CORE_JUNCTION_TEMP              ; 85                                                                ; --                                   ; --              ; --         ;
; MIN_CORE_JUNCTION_TEMP              ; 0                                                                 ; --                                   ; --              ; --         ;
; MISC_FILE                           ; nios2_system_v0/synthesis/../nios2_system_v0.cmp                  ; --                                   ; --              ; --         ;
; MISC_FILE                           ; nios2_system_v0/synthesis/../../nios2_system_v0.qsys              ; --                                   ; --              ; --         ;
; MISC_FILE                           ; nios2_system_v0/synthesis/submodules/alt_mem_ddrx_define.iv       ; --                                   ; --              ; --         ;
; PARTITION_COLOR                     ; -- (Not supported for targeted family)                            ; --                                   ; nios2_system_v0 ; Top        ;
; PARTITION_FITTER_PRESERVATION_LEVEL ; -- (Not supported for targeted family)                            ; --                                   ; nios2_system_v0 ; Top        ;
; PARTITION_NETLIST_TYPE              ; -- (Not supported for targeted family)                            ; --                                   ; nios2_system_v0 ; Top        ;
; POWER_BOARD_THERMAL_MODEL           ; None (CONSERVATIVE)                                               ; --                                   ; --              ; --         ;
; POWER_PRESET_COOLING_SOLUTION       ; 23 MM HEAT SINK WITH 200 LFPM AIRFLOW                             ; --                                   ; --              ; --         ;
; PROJECT_IP_REGENERATION_POLICY      ; ALWAYS_REGENERATE_IP                                              ; SKIP_REGENERATING_IP_IF_HDL_MODIFIED ; --              ; --         ;
; PROJECT_OUTPUT_DIRECTORY            ; output_files                                                      ; --                                   ; --              ; --         ;
; SLD_FILE                            ; nios2_system_v0/synthesis/nios2_system_v0.regmap                  ; --                                   ; --              ; --         ;
; SLD_FILE                            ; nios2_system_v0/synthesis/nios2_system_v0.debuginfo               ; --                                   ; --              ; --         ;
; SLD_INFO                            ; QSYS_NAME nios2_system_v0 HAS_SOPCINFO 1 GENERATION_ID 1605644108 ; --                                   ; nios2_system_v0 ; --         ;
; SOPCINFO_FILE                       ; nios2_system_v0/synthesis/../../nios2_system_v0.sopcinfo          ; --                                   ; --              ; --         ;
; SYNTHESIS_ONLY_QIP                  ; On                                                                ; --                                   ; --              ; --         ;
; TOP_LEVEL_ENTITY                    ; nios2_system_v0                                                   ; LD_10                                ; --              ; --         ;
+-------------------------------------+-------------------------------------------------------------------+--------------------------------------+-----------------+------------+


+--------------------------------------------------------------------------------------------------------------------------+
; Flow Elapsed Time                                                                                                        ;
+----------------------+--------------+-------------------------+---------------------+------------------------------------+
; Module Name          ; Elapsed Time ; Average Processors Used ; Peak Virtual Memory ; Total CPU Time (on all processors) ;
+----------------------+--------------+-------------------------+---------------------+------------------------------------+
; Analysis & Synthesis ; 00:02:41     ; 1.3                     ; 5585 MB             ; 00:03:42                           ;
; Fitter               ; 00:03:49     ; 1.3                     ; 7543 MB             ; 00:09:32                           ;
; Assembler            ; 00:00:21     ; 1.0                     ; 4984 MB             ; 00:00:19                           ;
; Timing Analyzer      ; 00:01:13     ; 1.9                     ; 6260 MB             ; 00:02:01                           ;
; Total                ; 00:08:04     ; --                      ; --                  ; 00:15:34                           ;
+----------------------+--------------+-------------------------+---------------------+------------------------------------+


+------------------------------------------------------------------------------------+
; Flow OS Summary                                                                    ;
+----------------------+------------------+------------+------------+----------------+
; Module Name          ; Machine Hostname ; OS Name    ; OS Version ; Processor type ;
+----------------------+------------------+------------+------------+----------------+
; Analysis & Synthesis ; LAPTOP-4MBDF9IG  ; Windows 10 ; 10.0       ; x86_64         ;
; Fitter               ; LAPTOP-4MBDF9IG  ; Windows 10 ; 10.0       ; x86_64         ;
; Assembler            ; LAPTOP-4MBDF9IG  ; Windows 10 ; 10.0       ; x86_64         ;
; Timing Analyzer      ; LAPTOP-4MBDF9IG  ; Windows 10 ; 10.0       ; x86_64         ;
+----------------------+------------------+------------+------------+----------------+


------------
; Flow Log ;
------------
quartus_map --read_settings_files=on --write_settings_files=off LD_10 -c LD_10
quartus_fit --read_settings_files=off --write_settings_files=off LD_10 -c LD_10
quartus_asm --read_settings_files=off --write_settings_files=off LD_10 -c LD_10
quartus_sta LD_10 -c LD_10



