Assembler report for LD_10
Wed Nov 18 10:38:27 2020
Quartus Prime Version 18.1.0 Build 625 09/12/2018 SJ Lite Edition


---------------------
; Table of Contents ;
---------------------
  1. Legal Notice
  2. Assembler Summary
  3. Assembler Settings
  4. Assembler Encrypted IP Cores Summary
  5. Assembler Generated Files
  6. Assembler Device Options: C:/Users/emils/OneDrive/Desktop/Augstskola/3.kurss/1.Semestris/PRISP/LD_10/output_files/LD_10_time_limited.sof
  7. Assembler Messages



----------------
; Legal Notice ;
----------------
Copyright (C) 2018  Intel Corporation. All rights reserved.
Your use of Intel Corporation's design tools, logic functions 
and other software and tools, and its AMPP partner logic 
functions, and any output files from any of the foregoing 
(including device programming or simulation files), and any 
associated documentation or information are expressly subject 
to the terms and conditions of the Intel Program License 
Subscription Agreement, the Intel Quartus Prime License Agreement,
the Intel FPGA IP License Agreement, or other applicable license
agreement, including, without limitation, that your use is for
the sole purpose of programming logic devices manufactured by
Intel and sold by Intel or its authorized distributors.  Please
refer to the applicable agreement for further details.



+---------------------------------------------------------------+
; Assembler Summary                                             ;
+-----------------------+---------------------------------------+
; Assembler Status      ; Successful - Wed Nov 18 10:38:27 2020 ;
; Revision Name         ; LD_10                                 ;
; Top-level Entity Name ; nios2_system_v0                       ;
; Family                ; Cyclone V                             ;
; Device                ; 5CGXFC5C6F27C7                        ;
+-----------------------+---------------------------------------+


+----------------------------------+
; Assembler Settings               ;
+--------+---------+---------------+
; Option ; Setting ; Default Value ;
+--------+---------+---------------+


+--------------------------------------------------------+
; Assembler Encrypted IP Cores Summary                   ;
+--------+-------------------------------+---------------+
; Vendor ; IP Core Name                  ; License Type  ;
+--------+-------------------------------+---------------+
; Altera ; Nios II Processor (6AF7 00A2) ; OpenCore Plus ;
; Altera ; Signal Tap (6AF7 BCE1)        ; Licensed      ;
; Altera ; Signal Tap (6AF7 BCEC)        ; Licensed      ;
+--------+-------------------------------+---------------+


+----------------------------------------------------------------------------------------------------------------+
; Assembler Generated Files                                                                                      ;
+----------------------------------------------------------------------------------------------------------------+
; File Name                                                                                                      ;
+----------------------------------------------------------------------------------------------------------------+
; C:/Users/emils/OneDrive/Desktop/Augstskola/3.kurss/1.Semestris/PRISP/LD_10/output_files/LD_10_time_limited.sof ;
+----------------------------------------------------------------------------------------------------------------+


+------------------------------------------------------------------------------------------------------------------------------------------+
; Assembler Device Options: C:/Users/emils/OneDrive/Desktop/Augstskola/3.kurss/1.Semestris/PRISP/LD_10/output_files/LD_10_time_limited.sof ;
+----------------+-------------------------------------------------------------------------------------------------------------------------+
; Option         ; Setting                                                                                                                 ;
+----------------+-------------------------------------------------------------------------------------------------------------------------+
; JTAG usercode  ; 0x0328CB46                                                                                                              ;
; Checksum       ; 0x0328CB46                                                                                                              ;
+----------------+-------------------------------------------------------------------------------------------------------------------------+


+--------------------+
; Assembler Messages ;
+--------------------+
Info: *******************************************************************
Info: Running Quartus Prime Assembler
    Info: Version 18.1.0 Build 625 09/12/2018 SJ Lite Edition
    Info: Processing started: Wed Nov 18 10:38:06 2020
Info: Command: quartus_asm --read_settings_files=off --write_settings_files=off LD_10 -c LD_10
Warning (18236): Number of processors has not been specified which may cause overloading on shared machines.  Set the global assignment NUM_PARALLEL_PROCESSORS in your QSF to an appropriate value for best performance.
Info (115030): Assembler is generating device programming files
Info (115017): Design contains a time-limited core -- only a single, time-limited programming file can be generated
Warning (210042): Can't convert time-limited SOF into POF, HEX File, TTF, or RBF
Info: Quartus Prime Assembler was successful. 0 errors, 2 warnings
    Info: Peak virtual memory: 4984 megabytes
    Info: Processing ended: Wed Nov 18 10:38:28 2020
    Info: Elapsed time: 00:00:22
    Info: Total CPU time (on all processors): 00:00:19


