10:02:27 **** Incremental Build of configuration Nios II for project Test_39 ****
make all 
Info: Building ../Test_39_bsp/
C:/intelFPGA_lite/18.1/nios2eds/bin/gnu/H-x86_64-mingw32/bin/make --no-print-directory -C ../Test_39_bsp/
[BSP build complete]
[Test_39 build complete]
10:02:43 **** Build of configuration Nios II for project Test_39 ****
make all 
Info: Building ../Test_39_bsp/
C:/intelFPGA_lite/18.1/nios2eds/bin/gnu/H-x86_64-mingw32/bin/make --no-print-directory -C ../Test_39_bsp/
[BSP build complete]
[Test_39 build complete]
10:02:49 **** Incremental Build of configuration Nios II for project Test_39 ****
make all 
Info: Building ../Test_39_bsp/
C:/intelFPGA_lite/18.1/nios2eds/bin/gnu/H-x86_64-mingw32/bin/make --no-print-directory -C ../Test_39_bsp/
[BSP build complete]
[Test_39 build complete]
10:45:09 **** Build of configuration Nios II for project Test_39 ****
make all 
Info: Building ../Test_39_bsp/
C:/intelFPGA_lite/18.1/nios2eds/bin/gnu/H-x86_64-mingw32/bin/make --no-print-directory -C ../Test_39_bsp/
[BSP build complete]
[Test_39 build complete]
10:45:10 **** Incremental Build of configuration Nios II for project Test_39 ****
make all 
Info: Building ../Test_39_bsp/
C:/intelFPGA_lite/18.1/nios2eds/bin/gnu/H-x86_64-mingw32/bin/make --no-print-directory -C ../Test_39_bsp/
[BSP build complete]
[Test_39 build complete]
